# JRE version: OpenJDK Runtime Environment Corretto-21.0.11.10.1 (21.0.11+10) (build 21.0.11+10-LTS)
# Java VM: OpenJDK 64-Bit Server VM Corretto-21.0.11.10.1 (21.0.11+10-LTS, mixed mode, sharing, tiered, compressed oops, compressed class ptrs, g1 gc, windows-amd64)
GC Precious Log:
 CardTable entry size: 512
 Card Set container configuration: InlinePtr #cards 4 size 8 Array Of Cards #cards 16 size 48 Howl #buckets 8 coarsen threshold 3686 Howl Bitmap #cards 512 size 80 coarsen threshold 460 Card regions per heap region 1 cards per card region 4096
 CPUs: 12 total, 12 available
 Memory: 16277M
 Large Page Support: Disabled
 NUMA Support: Disabled
 Compressed Oops: Enabled (Zero based)
 Heap Region Size: 2M
 Heap Min Capacity: 8M
 Heap Initial Capacity: 256M
 Heap Max Capacity: 4070M
 Pre-touch: Disabled
 Parallel Workers: 10
 Concurrent Workers: 3
 Concurrent Refinement Workers: 10
 Periodic GC: Disabled
Heap:
 garbage-first heap   total 929792K, used 724222K [0x0000000701a00000, 0x0000000800000000)
  region size 2048K, 94 young (192512K), 9 survivors (18432K)
 Metaspace       used 146664K, committed 148288K, reserved 1179648K
  class space    used 22664K, committed 23360K, reserved 1048576K
GC Heap History (20 events):
Event: 55.889 GC heap before
{Heap before GC invocations=54 (full 0):
 garbage-first heap   total 921600K, used 871336K [0x0000000701a00000, 0x0000000800000000)
  region size 2048K, 164 young (335872K), 7 survivors (14336K)
 Metaspace       used 145623K, committed 147264K, reserved 1179648K
  class space    used 22585K, committed 23296K, reserved 1048576K
}
Event: 55.893 GC heap after
{Heap after GC invocations=55 (full 0):
 garbage-first heap   total 921600K, used 545494K [0x0000000701a00000, 0x0000000800000000)
  region size 2048K, 7 young (14336K), 7 survivors (14336K)
 Metaspace       used 145623K, committed 147264K, reserved 1179648K
  class space    used 22585K, committed 23296K, reserved 1048576K
}
Event: 58.836 GC heap before
{Heap before GC invocations=55 (full 0):
 garbage-first heap   total 921600K, used 871126K [0x0000000701a00000, 0x0000000800000000)
  region size 2048K, 167 young (342016K), 7 survivors (14336K)
 Metaspace       used 146088K, committed 147712K, reserved 1179648K
  class space    used 22646K, committed 23360K, reserved 1048576K
}
Event: 58.840 GC heap after
{Heap after GC invocations=56 (full 0):
 garbage-first heap   total 921600K, used 555800K [0x0000000701a00000, 0x0000000800000000)
  region size 2048K, 12 young (24576K), 12 survivors (24576K)
 Metaspace       used 146088K, committed 147712K, reserved 1179648K
  class space    used 22646K, committed 23360K, reserved 1048576K
}
Event: 62.287 GC heap before
{Heap before GC invocations=57 (full 0):
 garbage-first heap   total 929792K, used 871192K [0x0000000701a00000, 0x0000000800000000)
  region size 2048K, 166 young (339968K), 12 survivors (24576K)
 Metaspace       used 146174K, committed 147776K, reserved 1179648K
  class space    used 22646K, committed 23360K, reserved 1048576K
}
Event: 62.292 GC heap after
{Heap after GC invocations=58 (full 0):
 garbage-first heap   total 929792K, used 555674K [0x0000000701a00000, 0x0000000800000000)
  region size 2048K, 7 young (14336K), 7 survivors (14336K)
 Metaspace       used 146174K, committed 147776K, reserved 1179648K
  class space    used 22646K, committed 23360K, reserved 1048576K
}
Event: 65.785 GC heap before
{Heap before GC invocations=58 (full 0):
 garbage-first heap   total 929792K, used 879258K [0x0000000701a00000, 0x0000000800000000)
  region size 2048K, 165 young (337920K), 7 survivors (14336K)
 Metaspace       used 146299K, committed 147904K, reserved 1179648K
  class space    used 22647K, committed 23360K, reserved 1048576K
}
Event: 65.790 GC heap after
{Heap after GC invocations=59 (full 0):
 garbage-first heap   total 929792K, used 552953K [0x0000000701a00000, 0x0000000800000000)
  region size 2048K, 7 young (14336K), 7 survivors (14336K)
 Metaspace       used 146299K, committed 147904K, reserved 1179648K
  class space    used 22647K, committed 23360K, reserved 1048576K
}
Event: 69.380 GC heap before
{Heap before GC invocations=59 (full 0):
 garbage-first heap   total 929792K, used 880633K [0x0000000701a00000, 0x0000000800000000)
  region size 2048K, 167 young (342016K), 7 survivors (14336K)
 Metaspace       used 146345K, committed 147968K, reserved 1179648K
  class space    used 22648K, committed 23360K, reserved 1048576K
}
Event: 69.383 GC heap after
{Heap after GC invocations=60 (full 0):
 garbage-first heap   total 929792K, used 553470K [0x0000000701a00000, 0x0000000800000000)
  region size 2048K, 8 young (16384K), 8 survivors (16384K)
 Metaspace       used 146345K, committed 147968K, reserved 1179648K
  class space    used 22648K, committed 23360K, reserved 1048576K
}
Event: 72.934 GC heap before
{Heap before GC invocations=61 (full 0):
 garbage-first heap   total 929792K, used 877054K [0x0000000701a00000, 0x0000000800000000)
  region size 2048K, 167 young (342016K), 8 survivors (16384K)
 Metaspace       used 146421K, committed 148032K, reserved 1179648K
  class space    used 22648K, committed 23360K, reserved 1048576K
}
Event: 72.938 GC heap after
{Heap after GC invocations=62 (full 0):
 garbage-first heap   total 929792K, used 553963K [0x0000000701a00000, 0x0000000800000000)
  region size 2048K, 8 young (16384K), 8 survivors (16384K)
 Metaspace       used 146421K, committed 148032K, reserved 1179648K
  class space    used 22648K, committed 23360K, reserved 1048576K
}
Event: 79.486 GC heap before
{Heap before GC invocations=62 (full 0):
 garbage-first heap   total 929792K, used 877547K [0x0000000701a00000, 0x0000000800000000)
  region size 2048K, 167 young (342016K), 8 survivors (16384K)
 Metaspace       used 146506K, committed 148096K, reserved 1179648K
  class space    used 22657K, committed 23360K, reserved 1048576K
}
Event: 79.492 GC heap after
{Heap after GC invocations=63 (full 0):
 garbage-first heap   total 929792K, used 552881K [0x0000000701a00000, 0x0000000800000000)
  region size 2048K, 9 young (18432K), 9 survivors (18432K)
 Metaspace       used 146506K, committed 148096K, reserved 1179648K
  class space    used 22657K, committed 23360K, reserved 1048576K
}
Event: 86.585 GC heap before
{Heap before GC invocations=63 (full 0):
 garbage-first heap   total 929792K, used 876465K [0x0000000701a00000, 0x0000000800000000)
  region size 2048K, 168 young (344064K), 9 survivors (18432K)
 Metaspace       used 146552K, committed 148160K, reserved 1179648K
  class space    used 22661K, committed 23360K, reserved 1048576K
}
Event: 86.588 GC heap after
{Heap after GC invocations=64 (full 0):
 garbage-first heap   total 929792K, used 552627K [0x0000000701a00000, 0x0000000800000000)
  region size 2048K, 8 young (16384K), 8 survivors (16384K)
 Metaspace       used 146552K, committed 148160K, reserved 1179648K
  class space    used 22661K, committed 23360K, reserved 1048576K
}
Event: 93.785 GC heap before
{Heap before GC invocations=65 (full 0):
 garbage-first heap   total 929792K, used 880307K [0x0000000701a00000, 0x0000000800000000)
  region size 2048K, 168 young (344064K), 8 survivors (16384K)
 Metaspace       used 146593K, committed 148224K, reserved 1179648K
  class space    used 22662K, committed 23360K, reserved 1048576K
}
Event: 93.789 GC heap after
{Heap after GC invocations=66 (full 0):
 garbage-first heap   total 929792K, used 554675K [0x0000000701a00000, 0x0000000800000000)
  region size 2048K, 9 young (18432K), 9 survivors (18432K)
 Metaspace       used 146593K, committed 148224K, reserved 1179648K
  class space    used 22662K, committed 23360K, reserved 1048576K
}
Event: 100.884 GC heap before
{Heap before GC invocations=66 (full 0):
 garbage-first heap   total 929792K, used 878259K [0x0000000701a00000, 0x0000000800000000)
  region size 2048K, 168 young (344064K), 9 survivors (18432K)
 Metaspace       used 146650K, committed 148224K, reserved 1179648K
  class space    used 22663K, committed 23360K, reserved 1048576K
}
Event: 100.889 GC heap after
{Heap after GC invocations=67 (full 0):
 garbage-first heap   total 929792K, used 552190K [0x0000000701a00000, 0x0000000800000000)
  region size 2048K, 9 young (18432K), 9 survivors (18432K)
 Metaspace       used 146650K, committed 148224K, reserved 1179648K
  class space    used 22663K, committed 23360K, reserved 1048576K
}

